<?xml version="1.0" encoding="UTF-8"?>
<!-- Generated by org.testng.reporters.JUnitXMLReporter -->
<testsuite ignored="0" hostname="Sayed-Sadat" failures="1" tests="4" name="Test" time="2.848" errors="0" timestamp="2022-11-21T14:53:12 PST">
  <testcase classname="tests.TC_15_TestDependency" name="testMethod1" time="0.007"/>
  <testcase classname="tests.TC_15_TestDependency" name="testMethod2" time="0.015">
    <failure type="java.lang.AssertionError" message="expected [true] but found [false]">
      <![CDATA[java.lang.AssertionError: expected [true] but found [false]
at tests.TC_15_TestDependency.testMethod2(TC_15_TestDependency.java:35)
at java.base/java.util.ArrayList.forEach(ArrayList.java:1511)
... Removed 29 stack frames]]>
    </failure>
  </testcase> <!-- testMethod2 -->
  <testcase classname="tests.TC_15_TestDependency" name="testMethod3" time="0.0">
    <skipped/>
  </testcase> <!-- testMethod3 -->
  <testcase classname="tests.TC_15_TestDependency" name="testMethod4" time="0.0">
    <skipped/>
  </testcase> <!-- testMethod4 -->
</testsuite> <!-- Test -->
